
17:31:31.397 [main] INFO  testCases.TC001_AccountRegistrationTest - *********Test Starting TC001_AccountRegistrationTest*************
17:31:31.474 [main] INFO  testCases.TC001_AccountRegistrationTest - Clicked on my Account
17:31:32.043 [main] INFO  testCases.TC001_AccountRegistrationTest - Clicked on Register
17:31:32.045 [main] INFO  testCases.TC001_AccountRegistrationTest - Providing Customer details...
22:26:38.150 [main] INFO  testCases.TC001_AccountRegistrationTest - *********Test Starting TC001_AccountRegistrationTest*************
22:26:39.325 [main] INFO  testCases.TC001_AccountRegistrationTest - Clicked on my Account
22:26:40.004 [main] INFO  testCases.TC001_AccountRegistrationTest - Clicked on Register
22:26:40.009 [main] INFO  testCases.TC001_AccountRegistrationTest - Providing Customer details...
22:35:40.907 [main] INFO  testCases.TC001_AccountRegistrationTest - *********Test Starting TC001_AccountRegistrationTest*************
22:35:40.978 [main] INFO  testCases.TC001_AccountRegistrationTest - Clicked on my Account
22:35:41.528 [main] INFO  testCases.TC001_AccountRegistrationTest - Clicked on Register
22:35:41.532 [main] INFO  testCases.TC001_AccountRegistrationTest - Providing Customer details...
22:35:42.767 [main] INFO  testCases.TC001_AccountRegistrationTest - ***************Test Completed**********************
22:38:47.840 [main] INFO  testCases.TC001_AccountRegistrationTest - *********Test Starting TC001_AccountRegistrationTest*************
22:38:47.985 [main] INFO  testCases.TC001_AccountRegistrationTest - Clicked on my Account
22:38:48.553 [main] INFO  testCases.TC001_AccountRegistrationTest - Clicked on Register
22:38:48.558 [main] INFO  testCases.TC001_AccountRegistrationTest - Providing Customer details...
22:38:49.814 [main] INFO  testCases.TC001_AccountRegistrationTest - ***************Test Completed**********************
23:39:46.990 [main] INFO  testCases.TC001_AccountRegistrationTest - *********Test Starting TC001_AccountRegistrationTest*************
23:39:47.078 [main] INFO  testCases.TC001_AccountRegistrationTest - Clicked on my Account
23:39:47.744 [main] INFO  testCases.TC001_AccountRegistrationTest - Clicked on Register
23:39:47.747 [main] INFO  testCases.TC001_AccountRegistrationTest - Providing Customer details...
23:39:48.962 [main] INFO  testCases.TC001_AccountRegistrationTest - ***************Test Completed**********************
23:51:52.405 [main] INFO  testCases.TC001_AccountRegistrationTest - *********Test Starting TC001_AccountRegistrationTest*************
23:51:52.471 [main] INFO  testCases.TC001_AccountRegistrationTest - Clicked on my Account
23:51:53.034 [main] INFO  testCases.TC001_AccountRegistrationTest - Clicked on Register
23:51:53.035 [main] INFO  testCases.TC001_AccountRegistrationTest - Providing Customer details...
23:51:54.186 [main] INFO  testCases.TC001_AccountRegistrationTest - ***************Test Completed**********************
23:53:56.081 [main] INFO  testCases.TC001_AccountRegistrationTest - *********Test Starting TC001_AccountRegistrationTest*************
23:53:57.199 [main] INFO  testCases.TC001_AccountRegistrationTest - Clicked on my Account
23:53:57.729 [main] INFO  testCases.TC001_AccountRegistrationTest - Clicked on Register
23:53:57.738 [main] INFO  testCases.TC001_AccountRegistrationTest - Providing Customer details...
23:54:14.815 [main] INFO  testCases.TC001_AccountRegistrationTest - *********Test Starting TC001_AccountRegistrationTest*************
23:54:14.885 [main] INFO  testCases.TC001_AccountRegistrationTest - Clicked on my Account
23:54:15.431 [main] INFO  testCases.TC001_AccountRegistrationTest - Clicked on Register
23:54:15.433 [main] INFO  testCases.TC001_AccountRegistrationTest - Providing Customer details...
23:54:16.617 [main] INFO  testCases.TC001_AccountRegistrationTest - ***************Test Completed**********************
00:32:19.474 [main] INFO  testCases.TC001_AccountRegistrationTest - *********Test Starting TC001_AccountRegistrationTest*************
00:32:19.550 [main] INFO  testCases.TC001_AccountRegistrationTest - Clicked on my Account
00:32:20.064 [main] INFO  testCases.TC001_AccountRegistrationTest - Clicked on Register
00:32:20.067 [main] INFO  testCases.TC001_AccountRegistrationTest - Providing Customer details...
00:32:21.316 [main] INFO  testCases.TC001_AccountRegistrationTest - ***************Test Completed**********************
00:32:57.413 [main] INFO  testCases.TC001_AccountRegistrationTest - *********Test Starting TC001_AccountRegistrationTest*************
00:32:57.494 [main] INFO  testCases.TC001_AccountRegistrationTest - Clicked on my Account
00:32:58.045 [main] INFO  testCases.TC001_AccountRegistrationTest - Clicked on Register
00:32:58.047 [main] INFO  testCases.TC001_AccountRegistrationTest - Providing Customer details...
00:32:59.288 [main] INFO  testCases.TC001_AccountRegistrationTest - ***************Test Completed**********************
00:46:34.568 [main] INFO  testCases.TC001_AccountRegistrationTest - *********Test Starting TC001_AccountRegistrationTest*************
